<?xml version="1.0" encoding="UTF-8"?>
<testng-results skipped="0" failed="0" total="1" passed="1">
  <reporter-output>
  </reporter-output>
  <suite name="Default suite" duration-ms="135192" started-at="2015-03-04T13:50:42Z" finished-at="2015-03-04T13:52:57Z">
    <groups>
    </groups>
    <test name="Default test" duration-ms="135192" started-at="2015-03-04T13:50:42Z" finished-at="2015-03-04T13:52:57Z">
      <class name="com.testSamsung.MenuTests">
        <test-method status="PASS" signature="beforeClass()[pri:0, instance:com.testSamsung.MenuTests@1888ff2c]" name="beforeClass" is-config="true" duration-ms="32102" started-at="2015-03-04T14:50:42Z" finished-at="2015-03-04T14:51:14Z">
          <reporter-output>
          </reporter-output>
        </test-method> <!-- beforeClass -->
        <test-method status="PASS" signature="testTVMenu()[pri:0, instance:com.testSamsung.MenuTests@1888ff2c]" name="testTVMenu" duration-ms="90862" started-at="2015-03-04T14:51:14Z" finished-at="2015-03-04T14:52:45Z">
          <reporter-output>
          </reporter-output>
        </test-method> <!-- testTVMenu -->
        <test-method status="PASS" signature="afterClass()[pri:0, instance:com.testSamsung.MenuTests@1888ff2c]" name="afterClass" is-config="true" duration-ms="12183" started-at="2015-03-04T14:52:45Z" finished-at="2015-03-04T14:52:57Z">
          <reporter-output>
          </reporter-output>
        </test-method> <!-- afterClass -->
      </class> <!-- com.testSamsung.MenuTests -->
    </test> <!-- Default test -->
  </suite> <!-- Default suite -->
</testng-results>
